[debug] [2023-09-30T20:26:54.089Z] ----------------------------------------------------------------------
[debug] [2023-09-30T20:26:54.096Z] Command:       C:\Program Files\nodejs\node.exe C:\Users\lylek\AppData\Roaming\npm\node_modules\firebase-tools\lib\bin\firebase.js deploy --only hosting
[debug] [2023-09-30T20:26:54.097Z] CLI Version:   12.5.4
[debug] [2023-09-30T20:26:54.098Z] Platform:      win32
[debug] [2023-09-30T20:26:54.098Z] Node Version:  v17.3.1
[debug] [2023-09-30T20:26:54.101Z] Time:          Sat Sep 30 2023 22:26:54 GMT+0200 (South Africa Standard Time)
[debug] [2023-09-30T20:26:54.102Z] ----------------------------------------------------------------------
[debug] 
[debug] [2023-09-30T20:26:54.153Z] >>> [apiv2][query] GET https://firebase-public.firebaseio.com/cli.json [none]
[debug] [2023-09-30T20:26:54.427Z] > command requires scopes: ["email","openid","https://www.googleapis.com/auth/cloudplatformprojects.readonly","https://www.googleapis.com/auth/firebase","https://www.googleapis.com/auth/cloud-platform"]
[debug] [2023-09-30T20:26:54.428Z] > authorizing via signed-in user (lylekepkey@gmail.com)
[debug] [2023-09-30T20:26:54.428Z] [iam] checking project portvue-c6216 for permissions ["firebase.projects.get","firebasehosting.sites.update"]
[debug] [2023-09-30T20:26:54.431Z] > refreshing access token with scopes: []
[debug] [2023-09-30T20:26:54.434Z] >>> [apiv2][query] POST https://www.googleapis.com/oauth2/v3/token [none]
[debug] [2023-09-30T20:26:54.434Z] >>> [apiv2][body] POST https://www.googleapis.com/oauth2/v3/token [omitted]
[debug] [2023-09-30T20:26:55.098Z] <<< [apiv2][status] GET https://firebase-public.firebaseio.com/cli.json 200
[debug] [2023-09-30T20:26:55.099Z] <<< [apiv2][body] GET https://firebase-public.firebaseio.com/cli.json {"cloudBuildErrorAfter":1594252800000,"cloudBuildWarnAfter":1590019200000,"defaultNode10After":1594252800000,"minVersion":"3.0.5","node8DeploysDisabledAfter":1613390400000,"node8RuntimeDisabledAfter":1615809600000,"node8WarnAfter":1600128000000}
[debug] [2023-09-30T20:26:55.972Z] <<< [apiv2][status] POST https://www.googleapis.com/oauth2/v3/token 400
[debug] [2023-09-30T20:26:55.972Z] <<< [apiv2][body] POST https://www.googleapis.com/oauth2/v3/token [omitted]
[debug] [2023-09-30T20:26:55.973Z] >>> [apiv2][query] POST https://cloudresourcemanager.googleapis.com/v1/projects/portvue-c6216:testIamPermissions [none]
[debug] [2023-09-30T20:26:55.973Z] >>> [apiv2][(partial)header] POST https://cloudresourcemanager.googleapis.com/v1/projects/portvue-c6216:testIamPermissions x-goog-quota-user=projects/portvue-c6216
[debug] [2023-09-30T20:26:55.973Z] >>> [apiv2][body] POST https://cloudresourcemanager.googleapis.com/v1/projects/portvue-c6216:testIamPermissions {"permissions":["firebase.projects.get","firebasehosting.sites.update"]}
[debug] [2023-09-30T20:26:57.881Z] <<< [apiv2][status] POST https://cloudresourcemanager.googleapis.com/v1/projects/portvue-c6216:testIamPermissions 401
[debug] [2023-09-30T20:26:57.882Z] <<< [apiv2][body] POST https://cloudresourcemanager.googleapis.com/v1/projects/portvue-c6216:testIamPermissions {"error":{"code":401,"message":"Request had invalid authentication credentials. Expected OAuth 2 access token, login cookie or other valid authentication credential. See https://developers.google.com/identity/sign-in/web/devconsole-project.","status":"UNAUTHENTICATED","details":[{"@type":"type.googleapis.com/google.rpc.ErrorInfo","reason":"ACCESS_TOKEN_TYPE_UNSUPPORTED","metadata":{"service":"cloudresourcemanager.googleapis.com","method":"google.cloudresourcemanager.v1.Projects.TestIamPermissions"}}]}}
[debug] [2023-09-30T20:26:57.884Z] [iam] error while checking permissions, command may fail: FirebaseError: HTTP Error: 401, Request had invalid authentication credentials. Expected OAuth 2 access token, login cookie or other valid authentication credential. See https://developers.google.com/identity/sign-in/web/devconsole-project.
[debug] [2023-09-30T20:26:57.885Z] > refreshing access token with scopes: []
[debug] [2023-09-30T20:26:57.886Z] >>> [apiv2][query] POST https://www.googleapis.com/oauth2/v3/token [none]
[debug] [2023-09-30T20:26:57.887Z] >>> [apiv2][body] POST https://www.googleapis.com/oauth2/v3/token [omitted]
[debug] [2023-09-30T20:26:58.349Z] <<< [apiv2][status] POST https://www.googleapis.com/oauth2/v3/token 400
[debug] [2023-09-30T20:26:58.350Z] <<< [apiv2][body] POST https://www.googleapis.com/oauth2/v3/token [omitted]
[debug] [2023-09-30T20:26:58.352Z] >>> [apiv2][query] GET https://firebase.googleapis.com/v1beta1/projects/portvue-c6216 [none]
[debug] [2023-09-30T20:26:58.938Z] <<< [apiv2][status] GET https://firebase.googleapis.com/v1beta1/projects/portvue-c6216 401
[debug] [2023-09-30T20:26:58.938Z] <<< [apiv2][body] GET https://firebase.googleapis.com/v1beta1/projects/portvue-c6216 {"error":{"code":401,"message":"Request had invalid authentication credentials. Expected OAuth 2 access token, login cookie or other valid authentication credential. See https://developers.google.com/identity/sign-in/web/devconsole-project.","status":"UNAUTHENTICATED"}}
[debug] [2023-09-30T20:26:58.939Z] HTTP Error: 401, Request had invalid authentication credentials. Expected OAuth 2 access token, login cookie or other valid authentication credential. See https://developers.google.com/identity/sign-in/web/devconsole-project.
[debug] [2023-09-30T20:26:59.560Z] FirebaseError: HTTP Error: 401, Request had invalid authentication credentials. Expected OAuth 2 access token, login cookie or other valid authentication credential. See https://developers.google.com/identity/sign-in/web/devconsole-project.
    at responseToError (C:\Users\lylek\AppData\Roaming\npm\node_modules\firebase-tools\lib\responseToError.js:49:12)
    at RetryOperation._fn (C:\Users\lylek\AppData\Roaming\npm\node_modules\firebase-tools\lib\apiv2.js:285:77)
    at processTicksAndRejections (node:internal/process/task_queues:96:5)
[error] 
[error] Error: Failed to get Firebase project portvue-c6216. Please make sure the project exists and your account has permission to access it.
[debug] [2023-09-30T20:28:47.814Z] ----------------------------------------------------------------------
[debug] [2023-09-30T20:28:47.817Z] Command:       C:\Program Files\nodejs\node.exe C:\Users\lylek\AppData\Roaming\npm\node_modules\firebase-tools\lib\bin\firebase.js deploy --only hosting
[debug] [2023-09-30T20:28:47.818Z] CLI Version:   12.5.4
[debug] [2023-09-30T20:28:47.818Z] Platform:      win32
[debug] [2023-09-30T20:28:47.818Z] Node Version:  v17.3.1
[debug] [2023-09-30T20:28:47.820Z] Time:          Sat Sep 30 2023 22:28:47 GMT+0200 (South Africa Standard Time)
[debug] [2023-09-30T20:28:47.821Z] ----------------------------------------------------------------------
[debug] 
[debug] [2023-09-30T20:28:47.919Z] > command requires scopes: ["email","openid","https://www.googleapis.com/auth/cloudplatformprojects.readonly","https://www.googleapis.com/auth/firebase","https://www.googleapis.com/auth/cloud-platform"]
[debug] [2023-09-30T20:28:47.920Z] > authorizing via signed-in user (lylekepkey@gmail.com)
[debug] [2023-09-30T20:28:47.920Z] [iam] checking project portvue-c6216 for permissions ["firebase.projects.get","firebasehosting.sites.update"]
[debug] [2023-09-30T20:28:47.922Z] > refreshing access token with scopes: []
[debug] [2023-09-30T20:28:47.925Z] >>> [apiv2][query] POST https://www.googleapis.com/oauth2/v3/token [none]
[debug] [2023-09-30T20:28:47.925Z] >>> [apiv2][body] POST https://www.googleapis.com/oauth2/v3/token [omitted]
[debug] [2023-09-30T20:28:48.527Z] <<< [apiv2][status] POST https://www.googleapis.com/oauth2/v3/token 400
[debug] [2023-09-30T20:28:48.528Z] <<< [apiv2][body] POST https://www.googleapis.com/oauth2/v3/token [omitted]
[debug] [2023-09-30T20:28:48.529Z] >>> [apiv2][query] POST https://cloudresourcemanager.googleapis.com/v1/projects/portvue-c6216:testIamPermissions [none]
[debug] [2023-09-30T20:28:48.530Z] >>> [apiv2][(partial)header] POST https://cloudresourcemanager.googleapis.com/v1/projects/portvue-c6216:testIamPermissions x-goog-quota-user=projects/portvue-c6216
[debug] [2023-09-30T20:28:48.530Z] >>> [apiv2][body] POST https://cloudresourcemanager.googleapis.com/v1/projects/portvue-c6216:testIamPermissions {"permissions":["firebase.projects.get","firebasehosting.sites.update"]}
[debug] [2023-09-30T20:28:50.394Z] <<< [apiv2][status] POST https://cloudresourcemanager.googleapis.com/v1/projects/portvue-c6216:testIamPermissions 401
[debug] [2023-09-30T20:28:50.395Z] <<< [apiv2][body] POST https://cloudresourcemanager.googleapis.com/v1/projects/portvue-c6216:testIamPermissions {"error":{"code":401,"message":"Request had invalid authentication credentials. Expected OAuth 2 access token, login cookie or other valid authentication credential. See https://developers.google.com/identity/sign-in/web/devconsole-project.","status":"UNAUTHENTICATED","details":[{"@type":"type.googleapis.com/google.rpc.ErrorInfo","reason":"ACCESS_TOKEN_TYPE_UNSUPPORTED","metadata":{"method":"google.cloudresourcemanager.v1.Projects.TestIamPermissions","service":"cloudresourcemanager.googleapis.com"}}]}}
[debug] [2023-09-30T20:28:50.396Z] [iam] error while checking permissions, command may fail: FirebaseError: HTTP Error: 401, Request had invalid authentication credentials. Expected OAuth 2 access token, login cookie or other valid authentication credential. See https://developers.google.com/identity/sign-in/web/devconsole-project.
[debug] [2023-09-30T20:28:50.397Z] > refreshing access token with scopes: []
[debug] [2023-09-30T20:28:50.397Z] >>> [apiv2][query] POST https://www.googleapis.com/oauth2/v3/token [none]
[debug] [2023-09-30T20:28:50.397Z] >>> [apiv2][body] POST https://www.googleapis.com/oauth2/v3/token [omitted]
[debug] [2023-09-30T20:28:50.971Z] <<< [apiv2][status] POST https://www.googleapis.com/oauth2/v3/token 400
[debug] [2023-09-30T20:28:50.971Z] <<< [apiv2][body] POST https://www.googleapis.com/oauth2/v3/token [omitted]
[debug] [2023-09-30T20:28:50.972Z] >>> [apiv2][query] GET https://firebase.googleapis.com/v1beta1/projects/portvue-c6216 [none]
[debug] [2023-09-30T20:28:51.553Z] <<< [apiv2][status] GET https://firebase.googleapis.com/v1beta1/projects/portvue-c6216 401
[debug] [2023-09-30T20:28:51.553Z] <<< [apiv2][body] GET https://firebase.googleapis.com/v1beta1/projects/portvue-c6216 {"error":{"code":401,"message":"Request had invalid authentication credentials. Expected OAuth 2 access token, login cookie or other valid authentication credential. See https://developers.google.com/identity/sign-in/web/devconsole-project.","status":"UNAUTHENTICATED"}}
[debug] [2023-09-30T20:28:51.553Z] HTTP Error: 401, Request had invalid authentication credentials. Expected OAuth 2 access token, login cookie or other valid authentication credential. See https://developers.google.com/identity/sign-in/web/devconsole-project.
[debug] [2023-09-30T20:28:51.995Z] FirebaseError: HTTP Error: 401, Request had invalid authentication credentials. Expected OAuth 2 access token, login cookie or other valid authentication credential. See https://developers.google.com/identity/sign-in/web/devconsole-project.
    at responseToError (C:\Users\lylek\AppData\Roaming\npm\node_modules\firebase-tools\lib\responseToError.js:49:12)
    at RetryOperation._fn (C:\Users\lylek\AppData\Roaming\npm\node_modules\firebase-tools\lib\apiv2.js:285:77)
    at processTicksAndRejections (node:internal/process/task_queues:96:5)
[error] 
[error] Error: Failed to get Firebase project portvue-c6216. Please make sure the project exists and your account has permission to access it.
[debug] [2023-09-30T20:32:28.815Z] ----------------------------------------------------------------------
[debug] [2023-09-30T20:32:28.816Z] Command:       C:\Program Files\nodejs\node.exe C:\Users\lylek\AppData\Roaming\npm\node_modules\firebase-tools\lib\bin\firebase.js deploy --only hosting
[debug] [2023-09-30T20:32:28.817Z] CLI Version:   12.5.4
[debug] [2023-09-30T20:32:28.817Z] Platform:      win32
[debug] [2023-09-30T20:32:28.817Z] Node Version:  v17.3.1
[debug] [2023-09-30T20:32:28.819Z] Time:          Sat Sep 30 2023 22:32:28 GMT+0200 (South Africa Standard Time)
[debug] [2023-09-30T20:32:28.819Z] ----------------------------------------------------------------------
[debug] 
[debug] [2023-09-30T20:32:28.904Z] > command requires scopes: ["email","openid","https://www.googleapis.com/auth/cloudplatformprojects.readonly","https://www.googleapis.com/auth/firebase","https://www.googleapis.com/auth/cloud-platform"]
[debug] [2023-09-30T20:32:28.905Z] > authorizing via signed-in user (lylekepkey@gmail.com)
[debug] [2023-09-30T20:32:28.905Z] [iam] checking project portvue-c6216 for permissions ["firebase.projects.get","firebasehosting.sites.update"]
[debug] [2023-09-30T20:32:28.907Z] > refreshing access token with scopes: []
[debug] [2023-09-30T20:32:28.908Z] >>> [apiv2][query] POST https://www.googleapis.com/oauth2/v3/token [none]
[debug] [2023-09-30T20:32:28.908Z] >>> [apiv2][body] POST https://www.googleapis.com/oauth2/v3/token [omitted]
[debug] [2023-09-30T20:32:29.669Z] <<< [apiv2][status] POST https://www.googleapis.com/oauth2/v3/token 400
[debug] [2023-09-30T20:32:29.670Z] <<< [apiv2][body] POST https://www.googleapis.com/oauth2/v3/token [omitted]
[debug] [2023-09-30T20:32:29.670Z] >>> [apiv2][query] POST https://cloudresourcemanager.googleapis.com/v1/projects/portvue-c6216:testIamPermissions [none]
[debug] [2023-09-30T20:32:29.670Z] >>> [apiv2][(partial)header] POST https://cloudresourcemanager.googleapis.com/v1/projects/portvue-c6216:testIamPermissions x-goog-quota-user=projects/portvue-c6216
[debug] [2023-09-30T20:32:29.670Z] >>> [apiv2][body] POST https://cloudresourcemanager.googleapis.com/v1/projects/portvue-c6216:testIamPermissions {"permissions":["firebase.projects.get","firebasehosting.sites.update"]}
[debug] [2023-09-30T20:32:31.676Z] <<< [apiv2][status] POST https://cloudresourcemanager.googleapis.com/v1/projects/portvue-c6216:testIamPermissions 401
[debug] [2023-09-30T20:32:31.676Z] <<< [apiv2][body] POST https://cloudresourcemanager.googleapis.com/v1/projects/portvue-c6216:testIamPermissions {"error":{"code":401,"message":"Request had invalid authentication credentials. Expected OAuth 2 access token, login cookie or other valid authentication credential. See https://developers.google.com/identity/sign-in/web/devconsole-project.","status":"UNAUTHENTICATED","details":[{"@type":"type.googleapis.com/google.rpc.ErrorInfo","reason":"ACCESS_TOKEN_TYPE_UNSUPPORTED","metadata":{"method":"google.cloudresourcemanager.v1.Projects.TestIamPermissions","service":"cloudresourcemanager.googleapis.com"}}]}}
[debug] [2023-09-30T20:32:31.679Z] [iam] error while checking permissions, command may fail: FirebaseError: HTTP Error: 401, Request had invalid authentication credentials. Expected OAuth 2 access token, login cookie or other valid authentication credential. See https://developers.google.com/identity/sign-in/web/devconsole-project.
[debug] [2023-09-30T20:32:31.680Z] > refreshing access token with scopes: []
[debug] [2023-09-30T20:32:31.681Z] >>> [apiv2][query] POST https://www.googleapis.com/oauth2/v3/token [none]
[debug] [2023-09-30T20:32:31.681Z] >>> [apiv2][body] POST https://www.googleapis.com/oauth2/v3/token [omitted]
[debug] [2023-09-30T20:32:32.276Z] <<< [apiv2][status] POST https://www.googleapis.com/oauth2/v3/token 400
[debug] [2023-09-30T20:32:32.277Z] <<< [apiv2][body] POST https://www.googleapis.com/oauth2/v3/token [omitted]
[debug] [2023-09-30T20:32:32.278Z] >>> [apiv2][query] GET https://firebase.googleapis.com/v1beta1/projects/portvue-c6216 [none]
[debug] [2023-09-30T20:32:32.763Z] <<< [apiv2][status] GET https://firebase.googleapis.com/v1beta1/projects/portvue-c6216 401
[debug] [2023-09-30T20:32:32.764Z] <<< [apiv2][body] GET https://firebase.googleapis.com/v1beta1/projects/portvue-c6216 {"error":{"code":401,"message":"Request had invalid authentication credentials. Expected OAuth 2 access token, login cookie or other valid authentication credential. See https://developers.google.com/identity/sign-in/web/devconsole-project.","status":"UNAUTHENTICATED"}}
[debug] [2023-09-30T20:32:32.764Z] HTTP Error: 401, Request had invalid authentication credentials. Expected OAuth 2 access token, login cookie or other valid authentication credential. See https://developers.google.com/identity/sign-in/web/devconsole-project.
[debug] [2023-09-30T20:32:33.244Z] FirebaseError: HTTP Error: 401, Request had invalid authentication credentials. Expected OAuth 2 access token, login cookie or other valid authentication credential. See https://developers.google.com/identity/sign-in/web/devconsole-project.
    at responseToError (C:\Users\lylek\AppData\Roaming\npm\node_modules\firebase-tools\lib\responseToError.js:49:12)
    at RetryOperation._fn (C:\Users\lylek\AppData\Roaming\npm\node_modules\firebase-tools\lib\apiv2.js:285:77)
    at processTicksAndRejections (node:internal/process/task_queues:96:5)
[error] 
[error] Error: Failed to get Firebase project portvue-c6216. Please make sure the project exists and your account has permission to access it.
[debug] [2023-09-30T20:54:28.805Z] ----------------------------------------------------------------------
[debug] [2023-09-30T20:54:28.808Z] Command:       C:\Program Files\nodejs\node.exe C:\Users\lylek\AppData\Roaming\npm\node_modules\firebase-tools\lib\bin\firebase.js deploy --only hosting
[debug] [2023-09-30T20:54:28.808Z] CLI Version:   12.5.4
[debug] [2023-09-30T20:54:28.809Z] Platform:      win32
[debug] [2023-09-30T20:54:28.809Z] Node Version:  v17.3.1
[debug] [2023-09-30T20:54:28.811Z] Time:          Sat Sep 30 2023 22:54:28 GMT+0200 (South Africa Standard Time)
[debug] [2023-09-30T20:54:28.811Z] ----------------------------------------------------------------------
[debug] 
[debug] [2023-09-30T20:54:28.892Z] > command requires scopes: ["email","openid","https://www.googleapis.com/auth/cloudplatformprojects.readonly","https://www.googleapis.com/auth/firebase","https://www.googleapis.com/auth/cloud-platform"]
[debug] [2023-09-30T20:54:28.892Z] > authorizing via signed-in user (lylekepkey@gmail.com)
[debug] [2023-09-30T20:54:28.893Z] [iam] checking project portvue-c6216 for permissions ["firebase.projects.get","firebasehosting.sites.update"]
[debug] [2023-09-30T20:54:28.894Z] > refreshing access token with scopes: []
[debug] [2023-09-30T20:54:28.896Z] >>> [apiv2][query] POST https://www.googleapis.com/oauth2/v3/token [none]
[debug] [2023-09-30T20:54:28.896Z] >>> [apiv2][body] POST https://www.googleapis.com/oauth2/v3/token [omitted]
[debug] [2023-09-30T20:54:29.501Z] <<< [apiv2][status] POST https://www.googleapis.com/oauth2/v3/token 400
[debug] [2023-09-30T20:54:29.502Z] <<< [apiv2][body] POST https://www.googleapis.com/oauth2/v3/token [omitted]
[debug] [2023-09-30T20:54:29.503Z] >>> [apiv2][query] POST https://cloudresourcemanager.googleapis.com/v1/projects/portvue-c6216:testIamPermissions [none]
[debug] [2023-09-30T20:54:29.503Z] >>> [apiv2][(partial)header] POST https://cloudresourcemanager.googleapis.com/v1/projects/portvue-c6216:testIamPermissions x-goog-quota-user=projects/portvue-c6216
[debug] [2023-09-30T20:54:29.503Z] >>> [apiv2][body] POST https://cloudresourcemanager.googleapis.com/v1/projects/portvue-c6216:testIamPermissions {"permissions":["firebase.projects.get","firebasehosting.sites.update"]}
[debug] [2023-09-30T20:54:31.350Z] <<< [apiv2][status] POST https://cloudresourcemanager.googleapis.com/v1/projects/portvue-c6216:testIamPermissions 401
[debug] [2023-09-30T20:54:31.350Z] <<< [apiv2][body] POST https://cloudresourcemanager.googleapis.com/v1/projects/portvue-c6216:testIamPermissions {"error":{"code":401,"message":"Request had invalid authentication credentials. Expected OAuth 2 access token, login cookie or other valid authentication credential. See https://developers.google.com/identity/sign-in/web/devconsole-project.","status":"UNAUTHENTICATED","details":[{"@type":"type.googleapis.com/google.rpc.ErrorInfo","reason":"ACCESS_TOKEN_TYPE_UNSUPPORTED","metadata":{"method":"google.cloudresourcemanager.v1.Projects.TestIamPermissions","service":"cloudresourcemanager.googleapis.com"}}]}}
[debug] [2023-09-30T20:54:31.352Z] [iam] error while checking permissions, command may fail: FirebaseError: HTTP Error: 401, Request had invalid authentication credentials. Expected OAuth 2 access token, login cookie or other valid authentication credential. See https://developers.google.com/identity/sign-in/web/devconsole-project.
[debug] [2023-09-30T20:54:31.353Z] > refreshing access token with scopes: []
[debug] [2023-09-30T20:54:31.355Z] >>> [apiv2][query] POST https://www.googleapis.com/oauth2/v3/token [none]
[debug] [2023-09-30T20:54:31.355Z] >>> [apiv2][body] POST https://www.googleapis.com/oauth2/v3/token [omitted]
[debug] [2023-09-30T20:54:31.819Z] <<< [apiv2][status] POST https://www.googleapis.com/oauth2/v3/token 400
[debug] [2023-09-30T20:54:31.819Z] <<< [apiv2][body] POST https://www.googleapis.com/oauth2/v3/token [omitted]
[debug] [2023-09-30T20:54:31.821Z] >>> [apiv2][query] GET https://firebase.googleapis.com/v1beta1/projects/portvue-c6216 [none]
[debug] [2023-09-30T20:54:32.304Z] <<< [apiv2][status] GET https://firebase.googleapis.com/v1beta1/projects/portvue-c6216 401
[debug] [2023-09-30T20:54:32.304Z] <<< [apiv2][body] GET https://firebase.googleapis.com/v1beta1/projects/portvue-c6216 {"error":{"code":401,"message":"Request had invalid authentication credentials. Expected OAuth 2 access token, login cookie or other valid authentication credential. See https://developers.google.com/identity/sign-in/web/devconsole-project.","status":"UNAUTHENTICATED"}}
[debug] [2023-09-30T20:54:32.305Z] HTTP Error: 401, Request had invalid authentication credentials. Expected OAuth 2 access token, login cookie or other valid authentication credential. See https://developers.google.com/identity/sign-in/web/devconsole-project.
[debug] [2023-09-30T20:54:32.796Z] FirebaseError: HTTP Error: 401, Request had invalid authentication credentials. Expected OAuth 2 access token, login cookie or other valid authentication credential. See https://developers.google.com/identity/sign-in/web/devconsole-project.
    at responseToError (C:\Users\lylek\AppData\Roaming\npm\node_modules\firebase-tools\lib\responseToError.js:49:12)
    at RetryOperation._fn (C:\Users\lylek\AppData\Roaming\npm\node_modules\firebase-tools\lib\apiv2.js:285:77)
    at processTicksAndRejections (node:internal/process/task_queues:96:5)
[error] 
[error] Error: Failed to get Firebase project portvue-c6216. Please make sure the project exists and your account has permission to access it.
[debug] [2023-09-30T20:55:01.469Z] ----------------------------------------------------------------------
[debug] [2023-09-30T20:55:01.471Z] Command:       C:\Program Files\nodejs\node.exe C:\Users\lylek\AppData\Roaming\npm\node_modules\firebase-tools\lib\bin\firebase.js deploy --only hosting
[debug] [2023-09-30T20:55:01.471Z] CLI Version:   12.5.4
[debug] [2023-09-30T20:55:01.471Z] Platform:      win32
[debug] [2023-09-30T20:55:01.471Z] Node Version:  v17.3.1
[debug] [2023-09-30T20:55:01.473Z] Time:          Sat Sep 30 2023 22:55:01 GMT+0200 (South Africa Standard Time)
[debug] [2023-09-30T20:55:01.473Z] ----------------------------------------------------------------------
[debug] 
[debug] [2023-09-30T20:55:01.551Z] > command requires scopes: ["email","openid","https://www.googleapis.com/auth/cloudplatformprojects.readonly","https://www.googleapis.com/auth/firebase","https://www.googleapis.com/auth/cloud-platform"]
[debug] [2023-09-30T20:55:01.552Z] > authorizing via signed-in user (lylekepkey@gmail.com)
[debug] [2023-09-30T20:55:01.552Z] [iam] checking project portvue-c6216 for permissions ["firebase.projects.get","firebasehosting.sites.update"]
[debug] [2023-09-30T20:55:01.554Z] > refreshing access token with scopes: []
[debug] [2023-09-30T20:55:01.555Z] >>> [apiv2][query] POST https://www.googleapis.com/oauth2/v3/token [none]
[debug] [2023-09-30T20:55:01.556Z] >>> [apiv2][body] POST https://www.googleapis.com/oauth2/v3/token [omitted]
[debug] [2023-09-30T20:55:02.112Z] <<< [apiv2][status] POST https://www.googleapis.com/oauth2/v3/token 400
[debug] [2023-09-30T20:55:02.114Z] <<< [apiv2][body] POST https://www.googleapis.com/oauth2/v3/token [omitted]
[debug] [2023-09-30T20:55:02.114Z] >>> [apiv2][query] POST https://cloudresourcemanager.googleapis.com/v1/projects/portvue-c6216:testIamPermissions [none]
[debug] [2023-09-30T20:55:02.114Z] >>> [apiv2][(partial)header] POST https://cloudresourcemanager.googleapis.com/v1/projects/portvue-c6216:testIamPermissions x-goog-quota-user=projects/portvue-c6216
[debug] [2023-09-30T20:55:02.115Z] >>> [apiv2][body] POST https://cloudresourcemanager.googleapis.com/v1/projects/portvue-c6216:testIamPermissions {"permissions":["firebase.projects.get","firebasehosting.sites.update"]}
[debug] [2023-09-30T20:55:03.967Z] <<< [apiv2][status] POST https://cloudresourcemanager.googleapis.com/v1/projects/portvue-c6216:testIamPermissions 401
[debug] [2023-09-30T20:55:03.968Z] <<< [apiv2][body] POST https://cloudresourcemanager.googleapis.com/v1/projects/portvue-c6216:testIamPermissions {"error":{"code":401,"message":"Request had invalid authentication credentials. Expected OAuth 2 access token, login cookie or other valid authentication credential. See https://developers.google.com/identity/sign-in/web/devconsole-project.","status":"UNAUTHENTICATED","details":[{"@type":"type.googleapis.com/google.rpc.ErrorInfo","reason":"ACCESS_TOKEN_TYPE_UNSUPPORTED","metadata":{"method":"google.cloudresourcemanager.v1.Projects.TestIamPermissions","service":"cloudresourcemanager.googleapis.com"}}]}}
[debug] [2023-09-30T20:55:03.970Z] [iam] error while checking permissions, command may fail: FirebaseError: HTTP Error: 401, Request had invalid authentication credentials. Expected OAuth 2 access token, login cookie or other valid authentication credential. See https://developers.google.com/identity/sign-in/web/devconsole-project.
[debug] [2023-09-30T20:55:03.971Z] > refreshing access token with scopes: []
[debug] [2023-09-30T20:55:03.972Z] >>> [apiv2][query] POST https://www.googleapis.com/oauth2/v3/token [none]
[debug] [2023-09-30T20:55:03.972Z] >>> [apiv2][body] POST https://www.googleapis.com/oauth2/v3/token [omitted]
[debug] [2023-09-30T20:55:04.703Z] <<< [apiv2][status] POST https://www.googleapis.com/oauth2/v3/token 400
[debug] [2023-09-30T20:55:04.704Z] <<< [apiv2][body] POST https://www.googleapis.com/oauth2/v3/token [omitted]
[debug] [2023-09-30T20:55:04.706Z] >>> [apiv2][query] GET https://firebase.googleapis.com/v1beta1/projects/portvue-c6216 [none]
[debug] [2023-09-30T20:55:05.171Z] <<< [apiv2][status] GET https://firebase.googleapis.com/v1beta1/projects/portvue-c6216 401
[debug] [2023-09-30T20:55:05.171Z] <<< [apiv2][body] GET https://firebase.googleapis.com/v1beta1/projects/portvue-c6216 {"error":{"code":401,"message":"Request had invalid authentication credentials. Expected OAuth 2 access token, login cookie or other valid authentication credential. See https://developers.google.com/identity/sign-in/web/devconsole-project.","status":"UNAUTHENTICATED"}}
[debug] [2023-09-30T20:55:05.172Z] HTTP Error: 401, Request had invalid authentication credentials. Expected OAuth 2 access token, login cookie or other valid authentication credential. See https://developers.google.com/identity/sign-in/web/devconsole-project.
[debug] [2023-09-30T20:55:05.633Z] FirebaseError: HTTP Error: 401, Request had invalid authentication credentials. Expected OAuth 2 access token, login cookie or other valid authentication credential. See https://developers.google.com/identity/sign-in/web/devconsole-project.
    at responseToError (C:\Users\lylek\AppData\Roaming\npm\node_modules\firebase-tools\lib\responseToError.js:49:12)
    at RetryOperation._fn (C:\Users\lylek\AppData\Roaming\npm\node_modules\firebase-tools\lib\apiv2.js:285:77)
    at processTicksAndRejections (node:internal/process/task_queues:96:5)
[error] 
[error] Error: Failed to get Firebase project portvue-c6216. Please make sure the project exists and your account has permission to access it.
[debug] [2023-09-30T21:06:48.010Z] ----------------------------------------------------------------------
[debug] [2023-09-30T21:06:48.013Z] Command:       C:\Program Files\nodejs\node.exe C:\Users\lylek\AppData\Roaming\npm\node_modules\firebase-tools\lib\bin\firebase.js deploy --only hosting
[debug] [2023-09-30T21:06:48.014Z] CLI Version:   12.5.4
[debug] [2023-09-30T21:06:48.014Z] Platform:      win32
[debug] [2023-09-30T21:06:48.014Z] Node Version:  v17.3.1
[debug] [2023-09-30T21:06:48.016Z] Time:          Sat Sep 30 2023 23:06:48 GMT+0200 (South Africa Standard Time)
[debug] [2023-09-30T21:06:48.016Z] ----------------------------------------------------------------------
[debug] 
[debug] [2023-09-30T21:06:48.101Z] > command requires scopes: ["email","openid","https://www.googleapis.com/auth/cloudplatformprojects.readonly","https://www.googleapis.com/auth/firebase","https://www.googleapis.com/auth/cloud-platform"]
[debug] [2023-09-30T21:06:48.102Z] > authorizing via signed-in user (lylekepkey@gmail.com)
[debug] [2023-09-30T21:06:48.102Z] [iam] checking project portvue-c6216 for permissions ["firebase.projects.get","firebasehosting.sites.update"]
[debug] [2023-09-30T21:06:48.104Z] > refreshing access token with scopes: []
[debug] [2023-09-30T21:06:48.105Z] >>> [apiv2][query] POST https://www.googleapis.com/oauth2/v3/token [none]
[debug] [2023-09-30T21:06:48.106Z] >>> [apiv2][body] POST https://www.googleapis.com/oauth2/v3/token [omitted]
[debug] [2023-09-30T21:06:48.702Z] <<< [apiv2][status] POST https://www.googleapis.com/oauth2/v3/token 400
[debug] [2023-09-30T21:06:48.703Z] <<< [apiv2][body] POST https://www.googleapis.com/oauth2/v3/token [omitted]
[debug] [2023-09-30T21:06:48.704Z] >>> [apiv2][query] POST https://cloudresourcemanager.googleapis.com/v1/projects/portvue-c6216:testIamPermissions [none]
[debug] [2023-09-30T21:06:48.704Z] >>> [apiv2][(partial)header] POST https://cloudresourcemanager.googleapis.com/v1/projects/portvue-c6216:testIamPermissions x-goog-quota-user=projects/portvue-c6216
[debug] [2023-09-30T21:06:48.704Z] >>> [apiv2][body] POST https://cloudresourcemanager.googleapis.com/v1/projects/portvue-c6216:testIamPermissions {"permissions":["firebase.projects.get","firebasehosting.sites.update"]}
[debug] [2023-09-30T21:06:50.565Z] <<< [apiv2][status] POST https://cloudresourcemanager.googleapis.com/v1/projects/portvue-c6216:testIamPermissions 401
[debug] [2023-09-30T21:06:50.565Z] <<< [apiv2][body] POST https://cloudresourcemanager.googleapis.com/v1/projects/portvue-c6216:testIamPermissions {"error":{"code":401,"message":"Request had invalid authentication credentials. Expected OAuth 2 access token, login cookie or other valid authentication credential. See https://developers.google.com/identity/sign-in/web/devconsole-project.","status":"UNAUTHENTICATED","details":[{"@type":"type.googleapis.com/google.rpc.ErrorInfo","reason":"ACCESS_TOKEN_TYPE_UNSUPPORTED","metadata":{"service":"cloudresourcemanager.googleapis.com","method":"google.cloudresourcemanager.v1.Projects.TestIamPermissions"}}]}}
[debug] [2023-09-30T21:06:50.567Z] [iam] error while checking permissions, command may fail: FirebaseError: HTTP Error: 401, Request had invalid authentication credentials. Expected OAuth 2 access token, login cookie or other valid authentication credential. See https://developers.google.com/identity/sign-in/web/devconsole-project.
[debug] [2023-09-30T21:06:50.568Z] > refreshing access token with scopes: []
[debug] [2023-09-30T21:06:50.569Z] >>> [apiv2][query] POST https://www.googleapis.com/oauth2/v3/token [none]
[debug] [2023-09-30T21:06:50.570Z] >>> [apiv2][body] POST https://www.googleapis.com/oauth2/v3/token [omitted]
[debug] [2023-09-30T21:06:51.056Z] <<< [apiv2][status] POST https://www.googleapis.com/oauth2/v3/token 400
[debug] [2023-09-30T21:06:51.057Z] <<< [apiv2][body] POST https://www.googleapis.com/oauth2/v3/token [omitted]
[debug] [2023-09-30T21:06:51.059Z] >>> [apiv2][query] GET https://firebase.googleapis.com/v1beta1/projects/portvue-c6216 [none]
[debug] [2023-09-30T21:06:51.559Z] <<< [apiv2][status] GET https://firebase.googleapis.com/v1beta1/projects/portvue-c6216 401
[debug] [2023-09-30T21:06:51.560Z] <<< [apiv2][body] GET https://firebase.googleapis.com/v1beta1/projects/portvue-c6216 {"error":{"code":401,"message":"Request had invalid authentication credentials. Expected OAuth 2 access token, login cookie or other valid authentication credential. See https://developers.google.com/identity/sign-in/web/devconsole-project.","status":"UNAUTHENTICATED"}}
[debug] [2023-09-30T21:06:51.560Z] HTTP Error: 401, Request had invalid authentication credentials. Expected OAuth 2 access token, login cookie or other valid authentication credential. See https://developers.google.com/identity/sign-in/web/devconsole-project.
[debug] [2023-09-30T21:06:52.028Z] FirebaseError: HTTP Error: 401, Request had invalid authentication credentials. Expected OAuth 2 access token, login cookie or other valid authentication credential. See https://developers.google.com/identity/sign-in/web/devconsole-project.
    at responseToError (C:\Users\lylek\AppData\Roaming\npm\node_modules\firebase-tools\lib\responseToError.js:49:12)
    at RetryOperation._fn (C:\Users\lylek\AppData\Roaming\npm\node_modules\firebase-tools\lib\apiv2.js:285:77)
    at processTicksAndRejections (node:internal/process/task_queues:96:5)
[error] 
[error] Error: Failed to get Firebase project portvue-c6216. Please make sure the project exists and your account has permission to access it.
